[debug] [2026-06-03T15:20:42.406Z] ----------------------------------------------------------------------
[debug] [2026-06-03T15:20:42.412Z] Command:       C:\Program Files\nodejs\node.exe C:\Users\Admin\AppData\Roaming\npm\node_modules\firebase-tools\lib\bin\firebase.js deploy
[debug] [2026-06-03T15:20:42.412Z] CLI Version:   15.18.0
[debug] [2026-06-03T15:20:42.412Z] Platform:      win32
[debug] [2026-06-03T15:20:42.412Z] Node Version:  v22.14.0
[debug] [2026-06-03T15:20:42.413Z] Time:          Wed Jun 03 2026 20:50:42 GMT+0530 (India Standard Time)
[debug] [2026-06-03T15:20:42.413Z] ----------------------------------------------------------------------
[debug] 
[debug] [2026-06-03T15:20:46.973Z] > command requires scopes: ["email","openid","https://www.googleapis.com/auth/cloudplatformprojects.readonly","https://www.googleapis.com/auth/firebase","https://www.googleapis.com/auth/cloud-platform"]
[debug] [2026-06-03T15:20:46.974Z] > authorizing via signed-in user (crash.algo@gmail.com)
[debug] [2026-06-03T15:20:46.974Z] [iam] checking project wb-airtelmscs for permissions ["firebase.projects.get","firebasehosting.sites.update","firebaserules.releases.create","firebaserules.releases.update","firebaserules.rulesets.create"]
[debug] [2026-06-03T15:20:46.977Z] Checked if tokens are valid: false, expires at: 1780442125479
[debug] [2026-06-03T15:20:46.977Z] Checked if tokens are valid: false, expires at: 1780442125479
[debug] [2026-06-03T15:20:46.977Z] > refreshing access token with scopes: []
[debug] [2026-06-03T15:20:46.981Z] >>> [apiv2][query] POST https://www.googleapis.com/oauth2/v3/token [none]
[debug] [2026-06-03T15:20:46.981Z] >>> [apiv2][body] POST https://www.googleapis.com/oauth2/v3/token [omitted]
[debug] [2026-06-03T15:20:47.498Z] <<< [apiv2][status] POST https://www.googleapis.com/oauth2/v3/token 200
[debug] [2026-06-03T15:20:47.499Z] <<< [apiv2][body] POST https://www.googleapis.com/oauth2/v3/token [omitted]
[debug] [2026-06-03T15:20:47.518Z] >>> [apiv2][query] POST https://cloudresourcemanager.googleapis.com/v1/projects/wb-airtelmscs:testIamPermissions [none]
[debug] [2026-06-03T15:20:47.519Z] >>> [apiv2][(partial)header] POST https://cloudresourcemanager.googleapis.com/v1/projects/wb-airtelmscs:testIamPermissions  x-goog-user-project=wb-airtelmscs
[debug] [2026-06-03T15:20:47.519Z] >>> [apiv2][body] POST https://cloudresourcemanager.googleapis.com/v1/projects/wb-airtelmscs:testIamPermissions {"permissions":["firebase.projects.get","firebasehosting.sites.update","firebaserules.releases.create","firebaserules.releases.update","firebaserules.rulesets.create"]}
[debug] [2026-06-03T15:20:49.103Z] <<< [apiv2][status] POST https://cloudresourcemanager.googleapis.com/v1/projects/wb-airtelmscs:testIamPermissions 403
[debug] [2026-06-03T15:20:49.103Z] <<< [apiv2][body] POST https://cloudresourcemanager.googleapis.com/v1/projects/wb-airtelmscs:testIamPermissions {"error":{"code":403,"message":"Caller does not have required permission to use project wb-airtelmscs. Grant the caller the roles/serviceusage.serviceUsageConsumer role, or a custom role with the serviceusage.services.use permission, by visiting https://console.developers.google.com/iam-admin/iam?project=wb-airtelmscs and then retry. Propagation of the new permission may take a few minutes.","status":"PERMISSION_DENIED","details":[{"@type":"type.googleapis.com/google.rpc.ErrorInfo","reason":"USER_PROJECT_DENIED","domain":"googleapis.com","metadata":{"service":"cloudresourcemanager.googleapis.com","consumer":"projects/wb-airtelmscs","consoleUrl":"https://console.developers.google.com/iam-admin/iam?project=wb-airtelmscs","containerInfo":"wb-airtelmscs"}},{"@type":"type.googleapis.com/google.rpc.LocalizedMessage","locale":"en-US","message":"Caller does not have required permission to use project wb-airtelmscs. Grant the caller the roles/serviceusage.serviceUsageConsumer role, or a custom role with the serviceusage.services.use permission, by visiting https://console.developers.google.com/iam-admin/iam?project=wb-airtelmscs and then retry. Propagation of the new permission may take a few minutes."},{"@type":"type.googleapis.com/google.rpc.Help","links":[{"description":"Google developer console IAM admin","url":"https://console.developers.google.com/iam-admin/iam?project=wb-airtelmscs"}]}]}}
[debug] [2026-06-03T15:20:49.103Z] [iam] error while checking permissions, command may fail: Request to https://cloudresourcemanager.googleapis.com/v1/projects/wb-airtelmscs:testIamPermissions had HTTP Error: 403, Caller does not have required permission to use project wb-airtelmscs. Grant the caller the roles/serviceusage.serviceUsageConsumer role, or a custom role with the serviceusage.services.use permission, by visiting https://console.developers.google.com/iam-admin/iam?project=wb-airtelmscs and then retry. Propagation of the new permission may take a few minutes.
[debug] [2026-06-03T15:20:49.104Z] Checked if tokens are valid: true, expires at: 1780503646500
[debug] [2026-06-03T15:20:49.104Z] Checked if tokens are valid: true, expires at: 1780503646500
[debug] [2026-06-03T15:20:49.104Z] >>> [apiv2][query] GET https://firebase.googleapis.com/v1beta1/projects/wb-airtelmscs [none]
[debug] [2026-06-03T15:20:49.843Z] <<< [apiv2][status] GET https://firebase.googleapis.com/v1beta1/projects/wb-airtelmscs 403
[debug] [2026-06-03T15:20:49.843Z] <<< [apiv2][body] GET https://firebase.googleapis.com/v1beta1/projects/wb-airtelmscs {"error":{"code":403,"message":"The caller does not have permission","status":"PERMISSION_DENIED"}}
[debug] [2026-06-03T15:20:49.844Z] Request to https://firebase.googleapis.com/v1beta1/projects/wb-airtelmscs had HTTP Error: 403, The caller does not have permission
[debug] [2026-06-03T15:20:50.104Z] FirebaseError: Request to https://firebase.googleapis.com/v1beta1/projects/wb-airtelmscs had HTTP Error: 403, The caller does not have permission
    at responseToError (C:\Users\Admin\AppData\Roaming\npm\node_modules\firebase-tools\lib\responseToError.js:53:12)
    at RetryOperation._fn (C:\Users\Admin\AppData\Roaming\npm\node_modules\firebase-tools\lib\apiv2.js:333:77)
    at process.processTicksAndRejections (node:internal/process/task_queues:105:5)
[error] 
[error] Error: Failed to get Firebase project wb-airtelmscs. Please make sure the project exists and your account has permission to access it.
